<?xml version="1.0" encoding="UTF-8"?>
<!-- Generated by org.testng.reporters.JUnitReportReporter -->
<testsuite hostname="darshans-pc" name="com.selenium.test.DriverScript" tests="1" failures="0" timestamp="29 Nov 2015 01:16:43 GMT" time="30.729" errors="0">
  <testcase name="start" time="30.729" classname="com.selenium.test.DriverScript"/>
</testsuite> <!-- com.selenium.test.DriverScript -->
